<?xml version="1.0" encoding="UTF-8"?>
<!-- Generated by org.testng.reporters.JUnitXMLReporter -->
<testsuite ignored="0" hostname="LAPTOP-HVG4SML4" failures="6" tests="16" name="Default test" time="134.315" errors="0" timestamp="2025-07-28T15:33:52 IST">
  <testcase classname="io.cucumber.testng.AbstractTestNGCucumberTests" name="runScenario" time="10.692"/>
  <testcase classname="io.cucumber.testng.AbstractTestNGCucumberTests" name="runScenario" time="9.686">
    <failure type="java.lang.AssertionError">
      <![CDATA[java.lang.AssertionError
at org.junit.Assert.fail(Assert.java:87)
at org.junit.Assert.assertTrue(Assert.java:42)
at org.junit.Assert.assertTrue(Assert.java:53)
at com.cab.stepdefinitions.BookingStepsExcel.validate_name_error(BookingStepsExcel.java:242)
at ✽.Error message "Please enter valid name" should be shown under Name field(file:///C:/Users/sriji/eclipse-workspace45/CallTaxiService/src/test/java/com/cab/features/booking.feature:21)
]]>
    </failure>
  </testcase> <!-- runScenario -->
  <testcase classname="io.cucumber.testng.AbstractTestNGCucumberTests" name="runScenario" time="12.968">
    <failure type="java.lang.AssertionError">
      <![CDATA[java.lang.AssertionError
at org.junit.Assert.fail(Assert.java:87)
at org.junit.Assert.assertTrue(Assert.java:42)
at org.junit.Assert.assertTrue(Assert.java:53)
at com.cab.stepdefinitions.BookingStepsExcel.validate_name_error(BookingStepsExcel.java:242)
at ✽.Error message "Please enter valid name" should be shown under Name field(file:///C:/Users/sriji/eclipse-workspace45/CallTaxiService/src/test/java/com/cab/features/booking.feature:21)
]]>
    </failure>
  </testcase> <!-- runScenario -->
  <testcase classname="io.cucumber.testng.AbstractTestNGCucumberTests" name="runScenario" time="5.736">
    <failure type="java.lang.AssertionError">
      <![CDATA[java.lang.AssertionError
at org.junit.Assert.fail(Assert.java:87)
at org.junit.Assert.assertTrue(Assert.java:42)
at org.junit.Assert.assertTrue(Assert.java:53)
at com.cab.stepdefinitions.BookingStepsExcel.email_error_displayed(BookingStepsExcel.java:261)
at ✽.Error message "Please enter valid email" should be shown under Email field(file:///C:/Users/sriji/eclipse-workspace45/CallTaxiService/src/test/java/com/cab/features/booking.feature:35)
]]>
    </failure>
  </testcase> <!-- runScenario -->
  <testcase classname="io.cucumber.testng.AbstractTestNGCucumberTests" name="runScenario" time="7.128">
    <failure type="java.lang.AssertionError">
      <![CDATA[java.lang.AssertionError
at org.junit.Assert.fail(Assert.java:87)
at org.junit.Assert.assertTrue(Assert.java:42)
at org.junit.Assert.assertTrue(Assert.java:53)
at com.cab.stepdefinitions.BookingStepsExcel.email_error_displayed(BookingStepsExcel.java:261)
at ✽.Error message "Please enter valid email" should be shown under Email field(file:///C:/Users/sriji/eclipse-workspace45/CallTaxiService/src/test/java/com/cab/features/booking.feature:35)
]]>
    </failure>
  </testcase> <!-- runScenario -->
  <testcase classname="io.cucumber.testng.AbstractTestNGCucumberTests" name="runScenario" time="7.779">
    <failure type="java.lang.AssertionError">
      <![CDATA[java.lang.AssertionError
at org.junit.Assert.fail(Assert.java:87)
at org.junit.Assert.assertTrue(Assert.java:42)
at org.junit.Assert.assertTrue(Assert.java:53)
at com.cab.stepdefinitions.BookingStepsExcel.phone_error_displayed(BookingStepsExcel.java:268)
at ✽.Error message "Please enter valid phone number" should be shown under Phone field(file:///C:/Users/sriji/eclipse-workspace45/CallTaxiService/src/test/java/com/cab/features/booking.feature:49)
]]>
    </failure>
  </testcase> <!-- runScenario -->
  <testcase classname="io.cucumber.testng.AbstractTestNGCucumberTests" name="runScenario" time="7.91">
    <failure type="java.lang.AssertionError">
      <![CDATA[java.lang.AssertionError
at org.junit.Assert.fail(Assert.java:87)
at org.junit.Assert.assertTrue(Assert.java:42)
at org.junit.Assert.assertTrue(Assert.java:53)
at com.cab.stepdefinitions.BookingStepsExcel.phone_error_displayed(BookingStepsExcel.java:268)
at ✽.Error message "Please enter valid phone number" should be shown under Phone field(file:///C:/Users/sriji/eclipse-workspace45/CallTaxiService/src/test/java/com/cab/features/booking.feature:49)
]]>
    </failure>
  </testcase> <!-- runScenario -->
  <testcase classname="io.cucumber.testng.AbstractTestNGCucumberTests" name="runScenario" time="4.878"/>
  <testcase classname="io.cucumber.testng.AbstractTestNGCucumberTests" name="runScenario" time="5.98"/>
  <testcase classname="io.cucumber.testng.AbstractTestNGCucumberTests" name="runScenario" time="6.896"/>
  <testcase classname="io.cucumber.testng.AbstractTestNGCucumberTests" name="runScenario" time="11.845"/>
  <testcase classname="io.cucumber.testng.AbstractTestNGCucumberTests" name="runScenario" time="7.684"/>
  <testcase classname="io.cucumber.testng.AbstractTestNGCucumberTests" name="runScenario" time="8.022"/>
  <testcase classname="io.cucumber.testng.AbstractTestNGCucumberTests" name="runScenario" time="6.84"/>
  <testcase classname="io.cucumber.testng.AbstractTestNGCucumberTests" name="runScenario" time="8.72"/>
  <testcase classname="io.cucumber.testng.AbstractTestNGCucumberTests" name="runScenario" time="8.302"/>
</testsuite> <!-- Default test -->
