<?xml version="1.0" encoding="UTF-8"?>
<testng-results ignored="0" total="17" passed="11" failed="6" skipped="0">
  <reporter-output>
  </reporter-output>
  <suite started-at="2025-08-12T10:40:09 IST" name="Cab Booking Automation Suite" finished-at="2025-08-12T10:42:02 IST" duration-ms="112544">
    <groups>
      <group name="cucumber">
        <method signature="AbstractTestNGCucumberTests.runScenario(io.cucumber.testng.PickleWrapper,io.cucumber.testng.FeatureWrapper)[pri:0, instance:com.cab.runners.TestRunner@38afe297]" name="runScenario" class="io.cucumber.testng.AbstractTestNGCucumberTests"/>
      </group> <!-- cucumber -->
    </groups>
    <test started-at="2025-08-12T10:40:09 IST" name="Run All Cucumber Features" finished-at="2025-08-12T10:42:02 IST" duration-ms="112544">
      <class name="com.cab.runners.TestRunner">
        <test-method is-config="true" signature="setUpClass(org.testng.ITestContext)[pri:0, instance:com.cab.runners.TestRunner@38afe297]" started-at="2025-08-12T10:40:09 IST" name="setUpClass" finished-at="2025-08-12T10:40:11 IST" duration-ms="2057" status="PASS">
          <params>
            <param index="0">
              <value>
                <![CDATA[org.testng.TestRunner@156d7556]]>
              </value>
            </param>
          </params>
          <reporter-output>
          </reporter-output>
        </test-method> <!-- setUpClass -->
        <test-method signature="runScenario(io.cucumber.testng.PickleWrapper,io.cucumber.testng.FeatureWrapper)[pri:0, instance:com.cab.runners.TestRunner@38afe297]" started-at="2025-08-12T10:40:11 IST" name="runScenario" description="Runs Cucumber Scenarios" data-provider="scenarios" finished-at="2025-08-12T10:40:25 IST" duration-ms="13170" status="PASS">
          <params>
            <param index="0">
              <value>
                <![CDATA["Submit form with all valid data"]]>
              </value>
            </param>
            <param index="1">
              <value>
                <![CDATA["Booking Page Validation"]]>
              </value>
            </param>
          </params>
          <reporter-output>
          </reporter-output>
        </test-method> <!-- runScenario -->
        <test-method signature="runScenario(io.cucumber.testng.PickleWrapper,io.cucumber.testng.FeatureWrapper)[pri:0, instance:com.cab.runners.TestRunner@38afe297]" started-at="2025-08-12T10:40:25 IST" name="runScenario" description="Runs Cucumber Scenarios" data-provider="scenarios" finished-at="2025-08-12T10:40:31 IST" duration-ms="5938" status="FAIL">
          <params>
            <param index="0">
              <value>
                <![CDATA["Submit form with invalid name format"]]>
              </value>
            </param>
            <param index="1">
              <value>
                <![CDATA["Booking Page Validation"]]>
              </value>
            </param>
          </params>
          <exception class="java.lang.AssertionError">
            <full-stacktrace>
              <![CDATA[java.lang.AssertionError
at org.junit.Assert.fail(Assert.java:87)
at org.junit.Assert.assertTrue(Assert.java:42)
at org.junit.Assert.assertTrue(Assert.java:53)
at com.cab.stepdefinitions.BookingStepsExcel.validate_name_error(BookingStepsExcel.java:117)
at ✽.Error message "Please enter valid name" should be shown under Name field(file:///C:/Users/sriji/eclipse-workspace45/CallTaxiService/src/test/java/com/cab/features/booking.feature:21)
]]>
            </full-stacktrace>
          </exception> <!-- java.lang.AssertionError -->
          <reporter-output>
          </reporter-output>
        </test-method> <!-- runScenario -->
        <test-method signature="runScenario(io.cucumber.testng.PickleWrapper,io.cucumber.testng.FeatureWrapper)[pri:0, instance:com.cab.runners.TestRunner@38afe297]" started-at="2025-08-12T10:40:31 IST" name="runScenario" description="Runs Cucumber Scenarios" data-provider="scenarios" finished-at="2025-08-12T10:40:36 IST" duration-ms="5502" status="FAIL">
          <params>
            <param index="0">
              <value>
                <![CDATA["Submit form with invalid name format"]]>
              </value>
            </param>
            <param index="1">
              <value>
                <![CDATA["Booking Page Validation"]]>
              </value>
            </param>
          </params>
          <exception class="java.lang.AssertionError">
            <full-stacktrace>
              <![CDATA[java.lang.AssertionError
at org.junit.Assert.fail(Assert.java:87)
at org.junit.Assert.assertTrue(Assert.java:42)
at org.junit.Assert.assertTrue(Assert.java:53)
at com.cab.stepdefinitions.BookingStepsExcel.validate_name_error(BookingStepsExcel.java:117)
at ✽.Error message "Please enter valid name" should be shown under Name field(file:///C:/Users/sriji/eclipse-workspace45/CallTaxiService/src/test/java/com/cab/features/booking.feature:21)
]]>
            </full-stacktrace>
          </exception> <!-- java.lang.AssertionError -->
          <reporter-output>
          </reporter-output>
        </test-method> <!-- runScenario -->
        <test-method signature="runScenario(io.cucumber.testng.PickleWrapper,io.cucumber.testng.FeatureWrapper)[pri:0, instance:com.cab.runners.TestRunner@38afe297]" started-at="2025-08-12T10:40:36 IST" name="runScenario" description="Runs Cucumber Scenarios" data-provider="scenarios" finished-at="2025-08-12T10:40:42 IST" duration-ms="6060" status="FAIL">
          <params>
            <param index="0">
              <value>
                <![CDATA["Submit form with invalid email format"]]>
              </value>
            </param>
            <param index="1">
              <value>
                <![CDATA["Booking Page Validation"]]>
              </value>
            </param>
          </params>
          <exception class="java.lang.AssertionError">
            <full-stacktrace>
              <![CDATA[java.lang.AssertionError
at org.junit.Assert.fail(Assert.java:87)
at org.junit.Assert.assertTrue(Assert.java:42)
at org.junit.Assert.assertTrue(Assert.java:53)
at com.cab.stepdefinitions.BookingStepsExcel.email_error_displayed(BookingStepsExcel.java:141)
at ✽.Error message "Please enter valid email" should be shown under Email field(file:///C:/Users/sriji/eclipse-workspace45/CallTaxiService/src/test/java/com/cab/features/booking.feature:35)
]]>
            </full-stacktrace>
          </exception> <!-- java.lang.AssertionError -->
          <reporter-output>
          </reporter-output>
        </test-method> <!-- runScenario -->
        <test-method signature="runScenario(io.cucumber.testng.PickleWrapper,io.cucumber.testng.FeatureWrapper)[pri:0, instance:com.cab.runners.TestRunner@38afe297]" started-at="2025-08-12T10:40:42 IST" name="runScenario" description="Runs Cucumber Scenarios" data-provider="scenarios" finished-at="2025-08-12T10:40:51 IST" duration-ms="9318" status="FAIL">
          <params>
            <param index="0">
              <value>
                <![CDATA["Submit form with invalid email format"]]>
              </value>
            </param>
            <param index="1">
              <value>
                <![CDATA["Booking Page Validation"]]>
              </value>
            </param>
          </params>
          <exception class="java.lang.AssertionError">
            <full-stacktrace>
              <![CDATA[java.lang.AssertionError
at org.junit.Assert.fail(Assert.java:87)
at org.junit.Assert.assertTrue(Assert.java:42)
at org.junit.Assert.assertTrue(Assert.java:53)
at com.cab.stepdefinitions.BookingStepsExcel.email_error_displayed(BookingStepsExcel.java:141)
at ✽.Error message "Please enter valid email" should be shown under Email field(file:///C:/Users/sriji/eclipse-workspace45/CallTaxiService/src/test/java/com/cab/features/booking.feature:35)
]]>
            </full-stacktrace>
          </exception> <!-- java.lang.AssertionError -->
          <reporter-output>
          </reporter-output>
        </test-method> <!-- runScenario -->
        <test-method signature="runScenario(io.cucumber.testng.PickleWrapper,io.cucumber.testng.FeatureWrapper)[pri:0, instance:com.cab.runners.TestRunner@38afe297]" started-at="2025-08-12T10:40:51 IST" name="runScenario" description="Runs Cucumber Scenarios" data-provider="scenarios" finished-at="2025-08-12T10:40:59 IST" duration-ms="7696" status="FAIL">
          <params>
            <param index="0">
              <value>
                <![CDATA["Submit form with invalid phone number format"]]>
              </value>
            </param>
            <param index="1">
              <value>
                <![CDATA["Booking Page Validation"]]>
              </value>
            </param>
          </params>
          <exception class="java.lang.AssertionError">
            <full-stacktrace>
              <![CDATA[java.lang.AssertionError
at org.junit.Assert.fail(Assert.java:87)
at org.junit.Assert.assertTrue(Assert.java:42)
at org.junit.Assert.assertTrue(Assert.java:53)
at com.cab.stepdefinitions.BookingStepsExcel.phone_error_displayed(BookingStepsExcel.java:148)
at ✽.Error message "Please enter valid phone number" should be shown under Phone field(file:///C:/Users/sriji/eclipse-workspace45/CallTaxiService/src/test/java/com/cab/features/booking.feature:49)
]]>
            </full-stacktrace>
          </exception> <!-- java.lang.AssertionError -->
          <reporter-output>
          </reporter-output>
        </test-method> <!-- runScenario -->
        <test-method signature="runScenario(io.cucumber.testng.PickleWrapper,io.cucumber.testng.FeatureWrapper)[pri:0, instance:com.cab.runners.TestRunner@38afe297]" started-at="2025-08-12T10:40:59 IST" name="runScenario" description="Runs Cucumber Scenarios" data-provider="scenarios" finished-at="2025-08-12T10:41:07 IST" duration-ms="7674" status="FAIL">
          <params>
            <param index="0">
              <value>
                <![CDATA["Submit form with invalid phone number format"]]>
              </value>
            </param>
            <param index="1">
              <value>
                <![CDATA["Booking Page Validation"]]>
              </value>
            </param>
          </params>
          <exception class="java.lang.AssertionError">
            <full-stacktrace>
              <![CDATA[java.lang.AssertionError
at org.junit.Assert.fail(Assert.java:87)
at org.junit.Assert.assertTrue(Assert.java:42)
at org.junit.Assert.assertTrue(Assert.java:53)
at com.cab.stepdefinitions.BookingStepsExcel.phone_error_displayed(BookingStepsExcel.java:148)
at ✽.Error message "Please enter valid phone number" should be shown under Phone field(file:///C:/Users/sriji/eclipse-workspace45/CallTaxiService/src/test/java/com/cab/features/booking.feature:49)
]]>
            </full-stacktrace>
          </exception> <!-- java.lang.AssertionError -->
          <reporter-output>
          </reporter-output>
        </test-method> <!-- runScenario -->
        <test-method signature="runScenario(io.cucumber.testng.PickleWrapper,io.cucumber.testng.FeatureWrapper)[pri:0, instance:com.cab.runners.TestRunner@38afe297]" started-at="2025-08-12T10:41:07 IST" name="runScenario" description="Runs Cucumber Scenarios" data-provider="scenarios" finished-at="2025-08-12T10:41:13 IST" duration-ms="5952" status="PASS">
          <params>
            <param index="0">
              <value>
                <![CDATA["Submit form keeping name empty"]]>
              </value>
            </param>
            <param index="1">
              <value>
                <![CDATA["Booking Page Validation"]]>
              </value>
            </param>
          </params>
          <reporter-output>
          </reporter-output>
        </test-method> <!-- runScenario -->
        <test-method signature="runScenario(io.cucumber.testng.PickleWrapper,io.cucumber.testng.FeatureWrapper)[pri:0, instance:com.cab.runners.TestRunner@38afe297]" started-at="2025-08-12T10:41:13 IST" name="runScenario" description="Runs Cucumber Scenarios" data-provider="scenarios" finished-at="2025-08-12T10:41:20 IST" duration-ms="7405" status="PASS">
          <params>
            <param index="0">
              <value>
                <![CDATA["Submit form keeping trip type empty"]]>
              </value>
            </param>
            <param index="1">
              <value>
                <![CDATA["Booking Page Validation"]]>
              </value>
            </param>
          </params>
          <reporter-output>
          </reporter-output>
        </test-method> <!-- runScenario -->
        <test-method signature="runScenario(io.cucumber.testng.PickleWrapper,io.cucumber.testng.FeatureWrapper)[pri:0, instance:com.cab.runners.TestRunner@38afe297]" started-at="2025-08-12T10:41:20 IST" name="runScenario" description="Runs Cucumber Scenarios" data-provider="scenarios" finished-at="2025-08-12T10:41:26 IST" duration-ms="5517" status="PASS">
          <params>
            <param index="0">
              <value>
                <![CDATA["Submit form keeping cab type empty"]]>
              </value>
            </param>
            <param index="1">
              <value>
                <![CDATA["Booking Page Validation"]]>
              </value>
            </param>
          </params>
          <reporter-output>
          </reporter-output>
        </test-method> <!-- runScenario -->
        <test-method signature="runScenario(io.cucumber.testng.PickleWrapper,io.cucumber.testng.FeatureWrapper)[pri:0, instance:com.cab.runners.TestRunner@38afe297]" started-at="2025-08-12T10:41:26 IST" name="runScenario" description="Runs Cucumber Scenarios" data-provider="scenarios" finished-at="2025-08-12T10:41:30 IST" duration-ms="4730" status="PASS">
          <params>
            <param index="0">
              <value>
                <![CDATA["Submit form keeping no of passengers empty"]]>
              </value>
            </param>
            <param index="1">
              <value>
                <![CDATA["Booking Page Validation"]]>
              </value>
            </param>
          </params>
          <reporter-output>
          </reporter-output>
        </test-method> <!-- runScenario -->
        <test-method signature="runScenario(io.cucumber.testng.PickleWrapper,io.cucumber.testng.FeatureWrapper)[pri:0, instance:com.cab.runners.TestRunner@38afe297]" started-at="2025-08-12T10:41:30 IST" name="runScenario" description="Runs Cucumber Scenarios" data-provider="scenarios" finished-at="2025-08-12T10:41:36 IST" duration-ms="5488" status="PASS">
          <params>
            <param index="0">
              <value>
                <![CDATA["Booking with row 0 from Excel data"]]>
              </value>
            </param>
            <param index="1">
              <value>
                <![CDATA["Booking Page Validation"]]>
              </value>
            </param>
          </params>
          <reporter-output>
          </reporter-output>
        </test-method> <!-- runScenario -->
        <test-method signature="runScenario(io.cucumber.testng.PickleWrapper,io.cucumber.testng.FeatureWrapper)[pri:0, instance:com.cab.runners.TestRunner@38afe297]" started-at="2025-08-12T10:41:36 IST" name="runScenario" description="Runs Cucumber Scenarios" data-provider="scenarios" finished-at="2025-08-12T10:41:41 IST" duration-ms="5167" status="PASS">
          <params>
            <param index="0">
              <value>
                <![CDATA["Booking with row 1 from Excel data"]]>
              </value>
            </param>
            <param index="1">
              <value>
                <![CDATA["Booking Page Validation"]]>
              </value>
            </param>
          </params>
          <reporter-output>
          </reporter-output>
        </test-method> <!-- runScenario -->
        <test-method signature="runScenario(io.cucumber.testng.PickleWrapper,io.cucumber.testng.FeatureWrapper)[pri:0, instance:com.cab.runners.TestRunner@38afe297]" started-at="2025-08-12T10:41:41 IST" name="runScenario" description="Runs Cucumber Scenarios" data-provider="scenarios" finished-at="2025-08-12T10:41:46 IST" duration-ms="5090" status="PASS">
          <params>
            <param index="0">
              <value>
                <![CDATA["Verify that cab service link is working"]]>
              </value>
            </param>
            <param index="1">
              <value>
                <![CDATA["Service Page Cab Link Navigation"]]>
              </value>
            </param>
          </params>
          <reporter-output>
          </reporter-output>
        </test-method> <!-- runScenario -->
        <test-method signature="runScenario(io.cucumber.testng.PickleWrapper,io.cucumber.testng.FeatureWrapper)[pri:0, instance:com.cab.runners.TestRunner@38afe297]" started-at="2025-08-12T10:41:46 IST" name="runScenario" description="Runs Cucumber Scenarios" data-provider="scenarios" finished-at="2025-08-12T10:41:50 IST" duration-ms="4170" status="PASS">
          <params>
            <param index="0">
              <value>
                <![CDATA["Verify that cab service link is working"]]>
              </value>
            </param>
            <param index="1">
              <value>
                <![CDATA["Service Page Cab Link Navigation"]]>
              </value>
            </param>
          </params>
          <reporter-output>
          </reporter-output>
        </test-method> <!-- runScenario -->
        <test-method signature="runScenario(io.cucumber.testng.PickleWrapper,io.cucumber.testng.FeatureWrapper)[pri:0, instance:com.cab.runners.TestRunner@38afe297]" started-at="2025-08-12T10:41:50 IST" name="runScenario" description="Runs Cucumber Scenarios" data-provider="scenarios" finished-at="2025-08-12T10:41:55 IST" duration-ms="4710" status="PASS">
          <params>
            <param index="0">
              <value>
                <![CDATA["Verify that cab service link is working"]]>
              </value>
            </param>
            <param index="1">
              <value>
                <![CDATA["Service Page Cab Link Navigation"]]>
              </value>
            </param>
          </params>
          <reporter-output>
          </reporter-output>
        </test-method> <!-- runScenario -->
        <test-method signature="runScenario(io.cucumber.testng.PickleWrapper,io.cucumber.testng.FeatureWrapper)[pri:0, instance:com.cab.runners.TestRunner@38afe297]" started-at="2025-08-12T10:41:55 IST" name="runScenario" description="Runs Cucumber Scenarios" data-provider="scenarios" finished-at="2025-08-12T10:42:01 IST" duration-ms="5973" status="PASS">
          <params>
            <param index="0">
              <value>
                <![CDATA["Verify that cab service link is working"]]>
              </value>
            </param>
            <param index="1">
              <value>
                <![CDATA["Service Page Cab Link Navigation"]]>
              </value>
            </param>
          </params>
          <reporter-output>
          </reporter-output>
        </test-method> <!-- runScenario -->
        <test-method is-config="true" signature="tearDownClass()[pri:0, instance:com.cab.runners.TestRunner@38afe297]" started-at="2025-08-12T10:42:01 IST" name="tearDownClass" finished-at="2025-08-12T10:42:02 IST" duration-ms="802" status="PASS">
          <reporter-output>
          </reporter-output>
        </test-method> <!-- tearDownClass -->
      </class> <!-- com.cab.runners.TestRunner -->
    </test> <!-- Run All Cucumber Features -->
  </suite> <!-- Cab Booking Automation Suite -->
</testng-results>
