<?xml version="1.0" encoding="UTF-8"?>
<!-- Generated by org.testng.reporters.JUnitXMLReporter -->
<testsuite ignored="0" hostname="LAPTOP-HVG4SML4" failures="6" tests="17" name="Run All Cucumber Features" time="112.544" errors="0" timestamp="2025-08-12T10:42:02 IST">
  <testcase classname="io.cucumber.testng.AbstractTestNGCucumberTests" name="runScenario" time="13.17"/>
  <testcase classname="io.cucumber.testng.AbstractTestNGCucumberTests" name="runScenario" time="5.938">
    <failure type="java.lang.AssertionError">
      <![CDATA[java.lang.AssertionError
at org.junit.Assert.fail(Assert.java:87)
at org.junit.Assert.assertTrue(Assert.java:42)
at org.junit.Assert.assertTrue(Assert.java:53)
at com.cab.stepdefinitions.BookingStepsExcel.validate_name_error(BookingStepsExcel.java:117)
at ✽.Error message "Please enter valid name" should be shown under Name field(file:///C:/Users/sriji/eclipse-workspace45/CallTaxiService/src/test/java/com/cab/features/booking.feature:21)
]]>
    </failure>
  </testcase> <!-- runScenario -->
  <testcase classname="io.cucumber.testng.AbstractTestNGCucumberTests" name="runScenario" time="5.502">
    <failure type="java.lang.AssertionError">
      <![CDATA[java.lang.AssertionError
at org.junit.Assert.fail(Assert.java:87)
at org.junit.Assert.assertTrue(Assert.java:42)
at org.junit.Assert.assertTrue(Assert.java:53)
at com.cab.stepdefinitions.BookingStepsExcel.validate_name_error(BookingStepsExcel.java:117)
at ✽.Error message "Please enter valid name" should be shown under Name field(file:///C:/Users/sriji/eclipse-workspace45/CallTaxiService/src/test/java/com/cab/features/booking.feature:21)
]]>
    </failure>
  </testcase> <!-- runScenario -->
  <testcase classname="io.cucumber.testng.AbstractTestNGCucumberTests" name="runScenario" time="6.06">
    <failure type="java.lang.AssertionError">
      <![CDATA[java.lang.AssertionError
at org.junit.Assert.fail(Assert.java:87)
at org.junit.Assert.assertTrue(Assert.java:42)
at org.junit.Assert.assertTrue(Assert.java:53)
at com.cab.stepdefinitions.BookingStepsExcel.email_error_displayed(BookingStepsExcel.java:141)
at ✽.Error message "Please enter valid email" should be shown under Email field(file:///C:/Users/sriji/eclipse-workspace45/CallTaxiService/src/test/java/com/cab/features/booking.feature:35)
]]>
    </failure>
  </testcase> <!-- runScenario -->
  <testcase classname="io.cucumber.testng.AbstractTestNGCucumberTests" name="runScenario" time="9.318">
    <failure type="java.lang.AssertionError">
      <![CDATA[java.lang.AssertionError
at org.junit.Assert.fail(Assert.java:87)
at org.junit.Assert.assertTrue(Assert.java:42)
at org.junit.Assert.assertTrue(Assert.java:53)
at com.cab.stepdefinitions.BookingStepsExcel.email_error_displayed(BookingStepsExcel.java:141)
at ✽.Error message "Please enter valid email" should be shown under Email field(file:///C:/Users/sriji/eclipse-workspace45/CallTaxiService/src/test/java/com/cab/features/booking.feature:35)
]]>
    </failure>
  </testcase> <!-- runScenario -->
  <testcase classname="io.cucumber.testng.AbstractTestNGCucumberTests" name="runScenario" time="7.696">
    <failure type="java.lang.AssertionError">
      <![CDATA[java.lang.AssertionError
at org.junit.Assert.fail(Assert.java:87)
at org.junit.Assert.assertTrue(Assert.java:42)
at org.junit.Assert.assertTrue(Assert.java:53)
at com.cab.stepdefinitions.BookingStepsExcel.phone_error_displayed(BookingStepsExcel.java:148)
at ✽.Error message "Please enter valid phone number" should be shown under Phone field(file:///C:/Users/sriji/eclipse-workspace45/CallTaxiService/src/test/java/com/cab/features/booking.feature:49)
]]>
    </failure>
  </testcase> <!-- runScenario -->
  <testcase classname="io.cucumber.testng.AbstractTestNGCucumberTests" name="runScenario" time="7.674">
    <failure type="java.lang.AssertionError">
      <![CDATA[java.lang.AssertionError
at org.junit.Assert.fail(Assert.java:87)
at org.junit.Assert.assertTrue(Assert.java:42)
at org.junit.Assert.assertTrue(Assert.java:53)
at com.cab.stepdefinitions.BookingStepsExcel.phone_error_displayed(BookingStepsExcel.java:148)
at ✽.Error message "Please enter valid phone number" should be shown under Phone field(file:///C:/Users/sriji/eclipse-workspace45/CallTaxiService/src/test/java/com/cab/features/booking.feature:49)
]]>
    </failure>
  </testcase> <!-- runScenario -->
  <testcase classname="io.cucumber.testng.AbstractTestNGCucumberTests" name="runScenario" time="5.952"/>
  <testcase classname="io.cucumber.testng.AbstractTestNGCucumberTests" name="runScenario" time="7.405"/>
  <testcase classname="io.cucumber.testng.AbstractTestNGCucumberTests" name="runScenario" time="5.517"/>
  <testcase classname="io.cucumber.testng.AbstractTestNGCucumberTests" name="runScenario" time="4.73"/>
  <testcase classname="io.cucumber.testng.AbstractTestNGCucumberTests" name="runScenario" time="5.488"/>
  <testcase classname="io.cucumber.testng.AbstractTestNGCucumberTests" name="runScenario" time="5.167"/>
  <testcase classname="io.cucumber.testng.AbstractTestNGCucumberTests" name="runScenario" time="5.09"/>
  <testcase classname="io.cucumber.testng.AbstractTestNGCucumberTests" name="runScenario" time="4.17"/>
  <testcase classname="io.cucumber.testng.AbstractTestNGCucumberTests" name="runScenario" time="4.71"/>
  <testcase classname="io.cucumber.testng.AbstractTestNGCucumberTests" name="runScenario" time="5.973"/>
</testsuite> <!-- Run All Cucumber Features -->
